<?xml version="1.0" encoding="UTF-8"?>
<testsuite name="MD-3993"
           tests="1"
           failures="1"
           errors="0"
           skipped="0"
           time="0.784">
  <properties />
            <testcase name="doTest" time="0.784" classname="com.epiphan.qa.tests.MD3993">
                <failure type="org.openqa.selenium.WebDriverException"
                  message="Error forwarding the new session Empty pool of VM for setup Capabilities [{browserName=firefox}]
Command duration or timeout: 241 milliseconds
Build info: version: &apos;2.45.0&apos;, revision: &apos;5017cb8e7ca8e37638dc3091b2440b90a1d8686f&apos;, time: &apos;2015-02-27 09:10:26&apos;
System info: host: &apos;lin-nuc&apos;, ip: &apos;127.0.1.1&apos;, os.name: &apos;Linux&apos;, os.arch: &apos;amd64&apos;, os.version: &apos;3.16.0-36-generic&apos;, java.version: &apos;1.7.0_79&apos;
Driver info: org.openqa.selenium.remote.RemoteWebDriver"
              >
<![CDATA[org.openqa.selenium.WebDriverException: Error forwarding the new session Empty pool of VM for setup Capabilities [{browserName=firefox}]
Command duration or timeout: 241 milliseconds
Build info: version: '2.45.0', revision: '5017cb8e7ca8e37638dc3091b2440b90a1d8686f', time: '2015-02-27 09:10:26'
System info: host: 'lin-nuc', ip: '127.0.1.1', os.name: 'Linux', os.arch: 'amd64', os.version: '3.16.0-36-generic', java.version: '1.7.0_79'
Driver info: org.openqa.selenium.remote.RemoteWebDriver
  sun.reflect.NativeConstructorAccessorImpl.newInstance0(Native Method)
  sun.reflect.NativeConstructorAccessorImpl.newInstance(NativeConstructorAccessorImpl.java:57)
  sun.reflect.DelegatingConstructorAccessorImpl.newInstance(DelegatingConstructorAccessorImpl.java:45)
  java.lang.reflect.Constructor.newInstance(Constructor.java:526)
  org.openqa.selenium.remote.ErrorHandler.createThrowable(ErrorHandler.java:204)
  org.openqa.selenium.remote.ErrorHandler.throwIfResponseFailed(ErrorHandler.java:156)
  org.openqa.selenium.remote.RemoteWebDriver.execute(RemoteWebDriver.java:599)
  org.openqa.selenium.remote.RemoteWebDriver.startSession(RemoteWebDriver.java:240)
  org.openqa.selenium.remote.RemoteWebDriver.<init>(RemoteWebDriver.java:126)
  org.openqa.selenium.remote.RemoteWebDriver.<init>(RemoteWebDriver.java:153)
  com.epiphan.qa.tests.TestEnvironment.startDriver(TestEnvironment.java:42)
  com.epiphan.qa.tests.MD3993.doTest(MD3993.java:17)
  sun.reflect.NativeMethodAccessorImpl.invoke0(Native Method)
  sun.reflect.NativeMethodAccessorImpl.invoke(NativeMethodAccessorImpl.java:57)
  sun.reflect.DelegatingMethodAccessorImpl.invoke(DelegatingMethodAccessorImpl.java:43)
  java.lang.reflect.Method.invoke(Method.java:606)
  org.testng.internal.MethodInvocationHelper.invokeMethod(MethodInvocationHelper.java:85)
  org.testng.internal.Invoker.invokeMethod(Invoker.java:696)
  org.testng.internal.Invoker.invokeTestMethod(Invoker.java:882)
  org.testng.internal.TestMethodWithDataProviderMethodWorker.call(TestMethodWithDataProviderMethodWorker.java:75)
  org.testng.internal.TestMethodWithDataProviderMethodWorker.call(TestMethodWithDataProviderMethodWorker.java:14)
  java.util.concurrent.FutureTask.run(FutureTask.java:262)
  java.util.concurrent.Executors$RunnableAdapter.call(Executors.java:471)
  java.util.concurrent.FutureTask.run(FutureTask.java:262)
  java.util.concurrent.ThreadPoolExecutor.runWorker(ThreadPoolExecutor.java:1145)
  java.util.concurrent.ThreadPoolExecutor$Worker.run(ThreadPoolExecutor.java:615)
  java.lang.Thread.run(Thread.java:745)
Caused by: org.openqa.grid.common.exception.GridException: Error forwarding the new session Empty pool of VM for setup Capabilities [{browserName=firefox}]
  org.openqa.grid.web.servlet.handler.RequestHandler.process(RequestHandler.java:114)
  org.openqa.grid.web.servlet.DriverServlet.process(DriverServlet.java:83)
  org.openqa.grid.web.servlet.DriverServlet.doPost(DriverServlet.java:67)
  javax.servlet.http.HttpServlet.service(HttpServlet.java:727)
  javax.servlet.http.HttpServlet.service(HttpServlet.java:820)
  org.seleniumhq.jetty7.servlet.ServletHolder.handle(ServletHolder.java:565)
  org.seleniumhq.jetty7.servlet.ServletHandler.doHandle(ServletHandler.java:479)
  org.seleniumhq.jetty7.server.session.SessionHandler.doHandle(SessionHandler.java:225)
  org.seleniumhq.jetty7.server.handler.ContextHandler.doHandle(ContextHandler.java:1031)
  org.seleniumhq.jetty7.servlet.ServletHandler.doScope(ServletHandler.java:406)
  org.seleniumhq.jetty7.server.session.SessionHandler.doScope(SessionHandler.java:186)
  org.seleniumhq.jetty7.server.handler.ContextHandler.doScope(ContextHandler.java:965)
  org.seleniumhq.jetty7.server.handler.ScopedHandler.handle(ScopedHandler.java:117)
  org.seleniumhq.jetty7.server.handler.HandlerWrapper.handle(HandlerWrapper.java:111)
  org.seleniumhq.jetty7.server.Server.handle(Server.java:349)
  org.seleniumhq.jetty7.server.AbstractHttpConnection.handleRequest(AbstractHttpConnection.java:452)
  org.seleniumhq.jetty7.server.BlockingHttpConnection.handleRequest(BlockingHttpConnection.java:47)
  org.seleniumhq.jetty7.server.AbstractHttpConnection.content(AbstractHttpConnection.java:894)
  org.seleniumhq.jetty7.server.AbstractHttpConnection$RequestHandler.content(AbstractHttpConnection.java:948)
  org.seleniumhq.jetty7.http.HttpParser.parseNext(HttpParser.java:857)
  org.seleniumhq.jetty7.http.HttpParser.parseAvailable(HttpParser.java:235)
  org.seleniumhq.jetty7.server.BlockingHttpConnection.handle(BlockingHttpConnection.java:66)
  org.seleniumhq.jetty7.server.bio.SocketConnector$ConnectorEndPoint.run(SocketConnector.java:254)
  org.seleniumhq.jetty7.util.thread.QueuedThreadPool.runJob(QueuedThreadPool.java:599)
  org.seleniumhq.jetty7.util.thread.QueuedThreadPool$3.run(QueuedThreadPool.java:534)
  java.lang.Thread.run(Thread.java:745)
]]>
      </failure>

          </testcase>
  
  
  
</testsuite>
