<?xml version="1.0" encoding="UTF-8"?>
<testng-results skipped="0" failed="0" total="1" passed="1">
  <reporter-output>
  </reporter-output>
  <suite name="Proto Suite" duration-ms="19289" started-at="2015-05-07T19:06:23Z" finished-at="2015-05-07T19:06:42Z">
    <groups>
    </groups>
    <test name="Login Test" duration-ms="19289" started-at="2015-05-07T19:06:23Z" finished-at="2015-05-07T19:06:42Z">
      <class name="com.epiphan.qa.tests.LoginTest">
        <test-method status="PASS" signature="logIn(com.epiphan.qa.tests.SeleniumTest$TestEnvironment)[pri:0, instance:com.epiphan.qa.tests.LoginTest@39d0c448]" name="logIn" duration-ms="19257" started-at="2015-05-07T15:06:23Z" data-provider="env" finished-at="2015-05-07T15:06:42Z">
          <params>
            <param index="0">
              <value>
                <![CDATA[com.epiphan.qa.tests.SeleniumTest$TestEnvironment@55ecb08b]]>
              </value>
            </param>
          </params>
          <reporter-output>
          </reporter-output>
        </test-method> <!-- logIn -->
      </class> <!-- com.epiphan.qa.tests.LoginTest -->
    </test> <!-- Login Test -->
  </suite> <!-- Proto Suite -->
</testng-results>
