<?xml version="1.0" encoding="UTF-8"?>
<testng-results skipped="0" failed="0" total="1" passed="1">
  <reporter-output>
  </reporter-output>
  <suite name="Proto Suite" duration-ms="19557" started-at="2015-05-07T19:20:43Z" finished-at="2015-05-07T19:21:03Z">
    <groups>
    </groups>
    <test name="Login Test" duration-ms="19557" started-at="2015-05-07T19:20:43Z" finished-at="2015-05-07T19:21:03Z">
      <class name="com.epiphan.qa.tests.LoginTest">
        <test-method status="PASS" signature="logIn(com.epiphan.qa.tests.TestEnvironment)[pri:0, instance:com.epiphan.qa.tests.LoginTest@47b6b3ac]" name="logIn" duration-ms="19486" started-at="2015-05-07T15:20:44Z" data-provider="env" finished-at="2015-05-07T15:21:03Z">
          <params>
            <param index="0">
              <value>
                <![CDATA[com.epiphan.qa.tests.TestEnvironment@67c9c73]]>
              </value>
            </param>
          </params>
          <reporter-output>
          </reporter-output>
        </test-method> <!-- logIn -->
      </class> <!-- com.epiphan.qa.tests.LoginTest -->
    </test> <!-- Login Test -->
  </suite> <!-- Proto Suite -->
</testng-results>
