<?xml version="1.0" encoding="UTF-8"?>
<testsuite name="TestSuite" time="0.754" tests="1" errors="0" skipped="0" failures="1">
  <properties>
[...]
</properties>
  <testcase name="doTest" classname="com.epiphan.qa.tests.MD3993" time="0.754">
    <failure message="Could not start a new session. Possible causes are invalid address of the remote server or browser start-up failure.&#10;Build info: version: &apos;2.45.0&apos;, revision: &apos;5017cb8e7ca8e37638dc3091b2440b90a1d8686f&apos;, time: &apos;2015-02-27 09:10:26&apos;&#10;System info: host: &apos;lin-nuc&apos;, ip: &apos;127.0.1.1&apos;, os.name: &apos;Linux&apos;, os.arch: &apos;amd64&apos;, os.version: &apos;3.16.0-36-generic&apos;, java.version: &apos;1.7.0_79&apos;&#10;Driver info: driver.version: RemoteWebDriver" type="org.openqa.selenium.remote.UnreachableBrowserException"><![CDATA[org.openqa.selenium.remote.UnreachableBrowserException: Could not start a new session. Possible causes are invalid address of the remote server or browser start-up failure.
Build info: version: '2.45.0', revision: '5017cb8e7ca8e37638dc3091b2440b90a1d8686f', time: '2015-02-27 09:10:26'
System info: host: 'lin-nuc', ip: '127.0.1.1', os.name: 'Linux', os.arch: 'amd64', os.version: '3.16.0-36-generic', java.version: '1.7.0_79'
Driver info: driver.version: RemoteWebDriver
	at java.net.PlainSocketImpl.socketConnect(Native Method)
	at java.net.AbstractPlainSocketImpl.doConnect(AbstractPlainSocketImpl.java:339)
	at java.net.AbstractPlainSocketImpl.connectToAddress(AbstractPlainSocketImpl.java:200)
	at java.net.AbstractPlainSocketImpl.connect(AbstractPlainSocketImpl.java:182)
	at java.net.SocksSocketImpl.connect(SocksSocketImpl.java:392)
	at java.net.Socket.connect(Socket.java:579)
	at org.apache.http.conn.socket.PlainConnectionSocketFactory.connectSocket(PlainConnectionSocketFactory.java:72)
	at org.apache.http.impl.conn.HttpClientConnectionOperator.connect(HttpClientConnectionOperator.java:125)
	at org.apache.http.impl.conn.PoolingHttpClientConnectionManager.connect(PoolingHttpClientConnectionManager.java:319)
	at org.apache.http.impl.execchain.MainClientExec.establishRoute(MainClientExec.java:363)
	at org.apache.http.impl.execchain.MainClientExec.execute(MainClientExec.java:219)
	at org.apache.http.impl.execchain.ProtocolExec.execute(ProtocolExec.java:195)
	at org.apache.http.impl.execchain.RetryExec.execute(RetryExec.java:86)
	at org.apache.http.impl.execchain.RedirectExec.execute(RedirectExec.java:108)
	at org.apache.http.impl.client.InternalHttpClient.doExecute(InternalHttpClient.java:184)
	at org.apache.http.impl.client.CloseableHttpClient.execute(CloseableHttpClient.java:72)
	at org.apache.http.impl.client.CloseableHttpClient.execute(CloseableHttpClient.java:57)
	at org.openqa.selenium.remote.internal.ApacheHttpClient.fallBackExecute(ApacheHttpClient.java:126)
	at org.openqa.selenium.remote.internal.ApacheHttpClient.execute(ApacheHttpClient.java:72)
	at org.openqa.selenium.remote.HttpCommandExecutor.execute(HttpCommandExecutor.java:133)
	at org.openqa.selenium.remote.RemoteWebDriver.execute(RemoteWebDriver.java:572)
	at org.openqa.selenium.remote.RemoteWebDriver.startSession(RemoteWebDriver.java:240)
	at org.openqa.selenium.remote.RemoteWebDriver.<init>(RemoteWebDriver.java:126)
	at org.openqa.selenium.remote.RemoteWebDriver.<init>(RemoteWebDriver.java:153)
	at com.epiphan.qa.tests.TestEnvironment.startDriver(TestEnvironment.java:42)
	at com.epiphan.qa.tests.MD3993.doTest(MD3993.java:17)
]]></failure>
    <system-out><![CDATA[...
... TestNG 6.8.9beta by Cédric Beust (cedric@beust.com)
...

Connecting to hub at 192.168.114.111:4444
]]></system-out>
  </testcase>
</testsuite>