<?xml version="1.0" encoding="UTF-8"?>
<testng-results skipped="1" failed="0" total="1" passed="0">
  <reporter-output>
  </reporter-output>
  <suite name="Proto Suite" duration-ms="15" started-at="2015-05-07T19:16:29Z" finished-at="2015-05-07T19:16:29Z">
    <groups>
    </groups>
    <test name="Login Test" duration-ms="15" started-at="2015-05-07T19:16:29Z" finished-at="2015-05-07T19:16:29Z">
      <class name="com.epiphan.qa.tests.LoginTest">
        <test-method status="SKIP" signature="logIn(com.epiphan.qa.tests.TestEnvironment)[pri:0, instance:com.epiphan.qa.tests.LoginTest@71eb35ea]" name="logIn" duration-ms="0" started-at="2015-05-07T15:16:29Z" data-provider="env" finished-at="2015-05-07T15:16:29Z">
          <exception class="org.testng.TestNGException">
            <message>
              <![CDATA[
Method public void com.epiphan.qa.tests.LoginTest.logIn(com.epiphan.qa.tests.TestEnvironment) requires a @DataProvider named : env]]>
            </message>
            <full-stacktrace>
              <![CDATA[org.testng.TestNGException: 
Method public void com.epiphan.qa.tests.LoginTest.logIn(com.epiphan.qa.tests.TestEnvironment) requires a @DataProvider named : env
	at org.testng.internal.Parameters.findDataProvider(Parameters.java:269)
	at org.testng.internal.Parameters.handleParameters(Parameters.java:419)
	at org.testng.internal.Invoker.handleParameters(Invoker.java:1335)
	at org.testng.internal.Invoker.createParameters(Invoker.java:1051)
	at org.testng.internal.Invoker.invokeTestMethods(Invoker.java:1140)
	at org.testng.internal.TestMethodWorker.invokeTestMethods(TestMethodWorker.java:124)
	at org.testng.internal.TestMethodWorker.run(TestMethodWorker.java:108)
	at java.util.concurrent.ThreadPoolExecutor.runWorker(ThreadPoolExecutor.java:1145)
	at java.util.concurrent.ThreadPoolExecutor$Worker.run(ThreadPoolExecutor.java:615)
	at java.lang.Thread.run(Thread.java:745)
]]>
            </full-stacktrace>
          </exception> <!-- org.testng.TestNGException -->
          <reporter-output>
          </reporter-output>
        </test-method> <!-- logIn -->
      </class> <!-- com.epiphan.qa.tests.LoginTest -->
    </test> <!-- Login Test -->
  </suite> <!-- Proto Suite -->
</testng-results>
